#
# There is insufficient memory for the Java Runtime Environment to continue.
# Native memory allocation (mmap) failed to map 134217728 bytes for Failed to commit area from 0x0000000081e00000 to 0x0000000089e00000 of length 134217728.
# Possible reasons:
#   The system is out of physical RAM or swap space
#   The process is running with CompressedOops enabled, and the Java Heap may be blocking the growth of the native heap
# Possible solutions:
#   Reduce memory load on the system
#   Increase physical memory or swap space
#   Check if swap backing store is full
#   Decrease Java heap size (-Xmx/-Xms)
#   Decrease number of Java threads
#   Decrease Java thread stack sizes (-Xss)
#   Set larger code cache with -XX:ReservedCodeCacheSize=
# This output file may be truncated or incomplete.
#
#  Out of Memory Error (t:/workspace/hotspot/src/os/windows/vm/os_windows.cpp:3357), pid=22560, tid=20188
#
# JRE version:  (9.0+11) (build )
# Java VM: Java HotSpot(TM) 64-Bit Server VM (9.0.4+11, mixed mode, tiered, compressed oops, g1 gc, windows-amd64)
# No core dump will be written. Minidumps are not enabled by default on client versions of Windows
#

---------------  S U M M A R Y ------------

Command Line: -Dfile.encoding=GBK start.Main

Host: Intel(R) Core(TM) i5-7300HQ CPU @ 2.50GHz, 4 cores, 7G,  Windows 10 , 64 bit Build 17134 (10.0.17134.1)
Time: Fri Jun 22 12:31:22 2018 ?D1¨²¡À¨º¡Á?¨º¡À?? elapsed time: 0 seconds (0d 0h 0m 0s)

---------------  T H R E A D  ---------------

Current thread (0x000002aa094ce800):  JavaThread "Unknown thread" [_thread_in_vm, id=20188, stack(0x000000ef8ca00000,0x000000ef8cb00000)]

Stack: [0x000000ef8ca00000,0x000000ef8cb00000]
Native frames: (J=compiled Java code, j=interpreted, Vv=VM code, C=native code)
V  [jvm.dll+0x587068]
V  [jvm.dll+0x69c25e]
V  [jvm.dll+0x69d17a]
V  [jvm.dll+0x69d7b3]
V  [jvm.dll+0x21d198]
V  [jvm.dll+0x584bb4]
V  [jvm.dll+0x57a095]
V  [jvm.dll+0x2cd67b]
V  [jvm.dll+0x2cd5e3]
V  [jvm.dll+0x2cd4b2]
V  [jvm.dll+0x2cf4b3]
V  [jvm.dll+0x3191e3]
V  [jvm.dll+0x3198f6]
V  [jvm.dll+0x3192e3]
V  [jvm.dll+0x2adeb8]
V  [jvm.dll+0x2af0e7]
V  [jvm.dll+0x67b34d]
V  [jvm.dll+0x67c70c]
V  [jvm.dll+0x3269c9]
V  [jvm.dll+0x66555e]
V  [jvm.dll+0x391811]
V  [jvm.dll+0x3937c1]
C  [javaw.exe+0x3501]
C  [javaw.exe+0xe25f]
C  [javaw.exe+0xe406]
C  [KERNEL32.DLL+0x13034]
C  [ntdll.dll+0x71431]


---------------  P R O C E S S  ---------------

Java Threads: ( => current thread )

Other Threads:
  0x000002aa094e6800 GCTaskThread "GC Thread#0" [stack: 0x000000ef8cb00000,0x000000ef8cc00000] [id=26668]
  0x000002aa094e8000 GCTaskThread "GC Thread#1" [stack: 0x000000ef8cc00000,0x000000ef8cd00000] [id=27292]
  0x000002aa094ea800 GCTaskThread "GC Thread#2" [stack: 0x000000ef8cd00000,0x000000ef8ce00000] [id=6560]
  0x000002aa094f5000 GCTaskThread "GC Thread#3" [stack: 0x000000ef8ce00000,0x000000ef8cf00000] [id=29256]
  0x000002aa09568000 ConcurrentGCThread "G1 Main Marker" [stack: 0x000000ef8d400000,0x000000ef8d500000] [id=31668]
  0x000002aa09569800 ConcurrentGCThread "G1 Marker#0" [stack: 0x000000ef8d500000,0x000000ef8d600000] [id=16572]
  0x000002aa094fe000 ConcurrentGCThread "G1 Refine#0" [stack: 0x000000ef8d200000,0x000000ef8d300000] [id=1412]
  0x000002aa094fd000 ConcurrentGCThread "G1 Refine#1" [stack: 0x000000ef8d100000,0x000000ef8d200000] [id=29520]
  0x000002aa094fa800 ConcurrentGCThread "G1 Refine#2" [stack: 0x000000ef8d000000,0x000000ef8d100000] [id=31536]
  0x000002aa094f7000 ConcurrentGCThread "G1 Refine#3" [stack: 0x000000ef8cf00000,0x000000ef8d000000] [id=34716]
  0x000002aa09501000 ConcurrentGCThread "G1 Young RemSet Sampling" [stack: 0x000000ef8d300000,0x000000ef8d400000] [id=13992]

=>0x000002aa094ce800 (exited) JavaThread "Unknown thread" [_thread_in_vm, id=20188, stack(0x000000ef8ca00000,0x000000ef8cb00000)]

Threads with active compile tasks:

VM state:not at safepoint (not fully initialized)

VM Mutex/Monitor currently owned by a thread:  ([mutex/lock_event])
[0x000002aa094cbba0] Heap_lock - owner thread: 0x000002aa094ce800

Heap address: 0x0000000081e00000, size: 2018 MB, Compressed Oops mode: Non-zero based: 0x0000000081e00000
Narrow klass base: 0x0000000000000000, Narrow klass shift: 0

GC Heap History (0 events):
No events

Deoptimization events (0 events):
No events

Classes redefined (0 events):
No events

Internal exceptions (0 events):
No events

Events (0 events):
No events


Dynamic libraries:
0x00007ff6ca850000 - 0x00007ff6ca88e000 	C:\Program Files\Java\jdk-9.0.4\bin\javaw.exe
0x00007ffe93a70000 - 0x00007ffe93c51000 	C:\WINDOWS\SYSTEM32\ntdll.dll
0x00007ffe93050000 - 0x00007ffe93102000 	C:\WINDOWS\System32\KERNEL32.DLL
0x00007ffe907d0000 - 0x00007ffe90a43000 	C:\WINDOWS\System32\KERNELBASE.dll
0x00007ffe92750000 - 0x00007ffe927f1000 	C:\WINDOWS\System32\ADVAPI32.dll
0x00007ffe933c0000 - 0x00007ffe9345e000 	C:\WINDOWS\System32\msvcrt.dll
0x00007ffe910e0000 - 0x00007ffe9113b000 	C:\WINDOWS\System32\sechost.dll
0x00007ffe90f00000 - 0x00007ffe91024000 	C:\WINDOWS\System32\RPCRT4.dll
0x00007ffe92810000 - 0x00007ffe929a0000 	C:\WINDOWS\System32\USER32.dll
0x00007ffe907b0000 - 0x00007ffe907d0000 	C:\WINDOWS\System32\win32u.dll
0x00007ffe937c0000 - 0x00007ffe937e8000 	C:\WINDOWS\System32\GDI32.dll
0x00007ffe90a50000 - 0x00007ffe90be2000 	C:\WINDOWS\System32\gdi32full.dll
0x00007ffe90c70000 - 0x00007ffe90d0f000 	C:\WINDOWS\System32\msvcp_win.dll
0x00007ffe8fe40000 - 0x00007ffe8ff3a000 	C:\WINDOWS\System32\ucrtbase.dll
0x00007ffe84bd0000 - 0x00007ffe84e39000 	C:\WINDOWS\WinSxS\amd64_microsoft.windows.common-controls_6595b64144ccf1df_6.0.17134.112_none_fb3f961b30681c12\COMCTL32.dll
0x00007ffe86960000 - 0x00007ffe8696a000 	C:\WINDOWS\SYSTEM32\VERSION.dll
0x00007ffe93490000 - 0x00007ffe937b3000 	C:\WINDOWS\System32\combase.dll
0x00007ffe90bf0000 - 0x00007ffe90c6a000 	C:\WINDOWS\System32\bcryptPrimitives.dll
0x00007ffe93460000 - 0x00007ffe9348d000 	C:\WINDOWS\System32\IMM32.DLL
0x00007ffe75560000 - 0x00007ffe7564f000 	C:\Program Files\Java\jdk-9.0.4\bin\msvcr120.dll
0x00007ffe6f3c0000 - 0x00007ffe6f466000 	C:\Program Files\Java\jdk-9.0.4\bin\msvcp120.dll
0x0000000067ef0000 - 0x0000000068915000 	C:\Program Files\Java\jdk-9.0.4\bin\server\jvm.dll
0x00007ffe92fc0000 - 0x00007ffe92fc8000 	C:\WINDOWS\System32\PSAPI.DLL
0x00007ffe81560000 - 0x00007ffe81569000 	C:\WINDOWS\SYSTEM32\WSOCK32.dll
0x00007ffe929a0000 - 0x00007ffe92a0c000 	C:\WINDOWS\System32\WS2_32.dll
0x00007ffe8a4e0000 - 0x00007ffe8a503000 	C:\WINDOWS\SYSTEM32\WINMM.dll
0x00007ffe8a470000 - 0x00007ffe8a49a000 	C:\WINDOWS\SYSTEM32\winmmbase.dll
0x00007ffe906b0000 - 0x00007ffe906f9000 	C:\WINDOWS\System32\cfgmgr32.dll
0x00007ffe8c180000 - 0x00007ffe8c18f000 	C:\Program Files\Java\jdk-9.0.4\bin\verify.dll
0x00007ffe87d80000 - 0x00007ffe87da7000 	C:\Program Files\Java\jdk-9.0.4\bin\java.dll
0x00007ffe87c50000 - 0x00007ffe87c66000 	C:\Program Files\Java\jdk-9.0.4\bin\zip.dll
0x00007ffe8bfb0000 - 0x00007ffe8bfba000 	C:\Program Files\Java\jdk-9.0.4\bin\jimage.dll
0x00007ffe8e790000 - 0x00007ffe8e959000 	C:\WINDOWS\SYSTEM32\dbghelp.dll

VM Arguments:
jvm_args: -Dfile.encoding=GBK 
java_command: start.Main
java_class_path (initial): C:\Users\63296\eclipse-workspace\¿Í»§¶Ëfile3\bin
Launcher Type: SUN_STANDARD

Logging:
Log output configuration:
#0: stdout all=warning uptime,level,tags
#1: stderr all=off uptime,level,tags

Environment Variables:
PATH=C:/Program Files/Java/jre-9.0.4/bin/server;C:/Program Files/Java/jre-9.0.4/bin;D:\app\63296\product\11.2.0\dbhome_1\bin;C:\Program Files (x86)\Common Files\Oracle\Java\javapath;C:\oraclexe\app\oracle\product\11.2.0\server\bin;C:\ProgramData\Oracle\Java\javapath;C:\Program Files (x86)\Intel\iCLS Client\;C:\Program Files\Intel\iCLS Client\;C:\windows\system32;C:\windows;C:\windows\System32\Wbem;C:\windows\System32\WindowsPowerShell\v1.0\;C:\Program Files (x86)\NVIDIA Corporation\PhysX\Common;C:\WINDOWS\system32;C:\WINDOWS;C:\WINDOWS\System32\Wbem;C:\WINDOWS\System32\WindowsPowerShell\v1.0\;C:\Program Files (x86)\Intel\Intel(R) Management Engine Components\DAL;C:\Program Files\Intel\Intel(R) Management Engine Components\DAL;C:\Program Files (x86)\Intel\Intel(R) Management Engine Components\IPT;C:\Program Files\Intel\Intel(R) Management Engine Components\IPT;D:\matlab\R2017a\runtime\win64;D:\matlab\R2017a\bin;D:\sdxx\runtime\win64;D:\sdxx\bin;D:\sdxx\polyspace\bin;D:\Git\cmd;C:\WINDOWS\System32\OpenSSH\;C:\Users\63296\AppData\Local\Microsoft\WindowsApps;;C:\WINDOWS\System32;
USERNAME=63296
OS=Windows_NT
PROCESSOR_IDENTIFIER=Intel64 Family 6 Model 158 Stepping 9, GenuineIntel



---------------  S Y S T E M  ---------------

OS: Windows 10 , 64 bit Build 17134 (10.0.17134.1)

CPU:total 4 (initial active 4) (4 cores per cpu, 1 threads per core) family 6 model 158 stepping 9, cmov, cx8, fxsr, mmx, sse, sse2, sse3, ssse3, sse4.1, sse4.2, popcnt, avx, avx2, aes, clmul, erms, 3dnowpref, lzcnt, tsc, tscinvbit, bmi1, bmi2, adx, fma

Memory: 4k page, physical 8265156k(3160688k free), swap 23732800k(15864k free)

vm_info: Java HotSpot(TM) 64-Bit Server VM (9.0.4+11) for windows-amd64 JRE (9.0.4+11), built on Dec 20 2017 02:18:54 by "mach5one" with MS VC++ 12.0 (VS2013)

END.
